#
# There is insufficient memory for the Java Runtime Environment to continue.
# Native memory allocation (malloc) failed to allocate 1794688 bytes for Chunk::new
# Possible reasons:
#   The system is out of physical RAM or swap space
#   The process is running with CompressedOops enabled, and the Java Heap may be blocking the growth of the native heap
# Possible solutions:
#   Reduce memory load on the system
#   Increase physical memory or swap space
#   Check if swap backing store is full
#   Decrease Java heap size (-Xmx/-Xms)
#   Decrease number of Java threads
#   Decrease Java thread stack sizes (-Xss)
#   Set larger code cache with -XX:ReservedCodeCacheSize=
#   JVM is running with Zero Based Compressed Oops mode in which the Java heap is
#     placed in the first 32GB address space. The Java Heap base address is the
#     maximum limit for the native heap growth. Please use -XX:HeapBaseMinAddress
#     to set the Java Heap base and to place the Java Heap above 32GB virtual address.
# This output file may be truncated or incomplete.
#
#  Out of Memory Error (arena.cpp:189), pid=23404, tid=17104
#
# JRE version: OpenJDK Runtime Environment Temurin-17.0.8+7 (17.0.8+7) (build 17.0.8+7)
# Java VM: OpenJDK 64-Bit Server VM Temurin-17.0.8+7 (17.0.8+7, mixed mode, tiered, compressed oops, compressed class ptrs, g1 gc, windows-amd64)
# No core dump will be written. Minidumps are not enabled by default on client versions of Windows
#

---------------  S U M M A R Y ------------

Command Line: -ea -Dfile.encoding=UTF-8 -XX:+ShowCodeDetailsInExceptionMessages org.testng.remote.RemoteTestNG -serport 57196 -protocol json -d C:\Users\Anand.Gummadilli\eclipse-workspace\RestAssured\test-output C:\Users\ANAND~1.GUM\AppData\Local\Temp\testng-eclipse--657427086\testng-customsuite.xml

Host: Intel(R) Core(TM) i7-8850H CPU @ 2.60GHz, 12 cores, 15G,  Windows 10 , 64 bit Build 19041 (10.0.19041.3636)
Time: Thu Jun 20 11:33:38 2024 India Standard Time elapsed time: 0.950363 seconds (0d 0h 0m 0s)

---------------  T H R E A D  ---------------

Current thread (0x0000029e1b0abc70):  JavaThread "C2 CompilerThread0" daemon [_thread_in_native, id=17104, stack(0x000000e6d5900000,0x000000e6d5a00000)]


Current CompileTask:
C2:    950 1155       4       jdk.internal.org.objectweb.asm.Frame::execute (2305 bytes)

Stack: [0x000000e6d5900000,0x000000e6d5a00000]
Native frames: (J=compiled Java code, j=interpreted, Vv=VM code, C=native code)
V  [jvm.dll+0x678b0a]
V  [jvm.dll+0x835e84]
V  [jvm.dll+0x83762e]
V  [jvm.dll+0x837c93]
V  [jvm.dll+0x24746f]
V  [jvm.dll+0xac20c]
V  [jvm.dll+0xac7dc]
V  [jvm.dll+0x365ca7]
V  [jvm.dll+0x3301a1]
V  [jvm.dll+0x32f64a]
V  [jvm.dll+0x219bf1]
V  [jvm.dll+0x219011]
V  [jvm.dll+0x1a534d]
V  [jvm.dll+0x228d8a]
V  [jvm.dll+0x226dcc]
V  [jvm.dll+0x7ec09b]
V  [jvm.dll+0x7e64ca]
V  [jvm.dll+0x677955]
C  [ucrtbase.dll+0x21bb2]
C  [KERNEL32.DLL+0x17344]
C  [ntdll.dll+0x4cc91]


---------------  P R O C E S S  ---------------

Threads class SMR info:
_java_thread_list=0x0000029e1bb2b5c0, length=14, elements={
0x0000029e76c26c30, 0x0000029e1b05dcb0, 0x0000029e1b05eb80, 0x0000029e1b0a2690,
0x0000029e1b0a61e0, 0x0000029e1b0a70c0, 0x0000029e1b0aaf80, 0x0000029e1b0abc70,
0x0000029e1b0ac720, 0x0000029e1b0c6c00, 0x0000029e1b21c3f0, 0x0000029e1b2224d0,
0x0000029e1b734d50, 0x0000029e1bb01f30
}

Java Threads: ( => current thread )
  0x0000029e76c26c30 JavaThread "main" [_thread_in_vm, id=19288, stack(0x000000e6d4c00000,0x000000e6d4d00000)]
  0x0000029e1b05dcb0 JavaThread "Reference Handler" daemon [_thread_blocked, id=5284, stack(0x000000e6d5300000,0x000000e6d5400000)]
  0x0000029e1b05eb80 JavaThread "Finalizer" daemon [_thread_blocked, id=21364, stack(0x000000e6d5400000,0x000000e6d5500000)]
  0x0000029e1b0a2690 JavaThread "Signal Dispatcher" daemon [_thread_blocked, id=1328, stack(0x000000e6d5500000,0x000000e6d5600000)]
  0x0000029e1b0a61e0 JavaThread "Attach Listener" daemon [_thread_blocked, id=24164, stack(0x000000e6d5600000,0x000000e6d5700000)]
  0x0000029e1b0a70c0 JavaThread "Service Thread" daemon [_thread_blocked, id=26480, stack(0x000000e6d5700000,0x000000e6d5800000)]
  0x0000029e1b0aaf80 JavaThread "Monitor Deflation Thread" daemon [_thread_blocked, id=3464, stack(0x000000e6d5800000,0x000000e6d5900000)]
=>0x0000029e1b0abc70 JavaThread "C2 CompilerThread0" daemon [_thread_in_native, id=17104, stack(0x000000e6d5900000,0x000000e6d5a00000)]
  0x0000029e1b0ac720 JavaThread "C1 CompilerThread0" daemon [_thread_blocked, id=5776, stack(0x000000e6d5a00000,0x000000e6d5b00000)]
  0x0000029e1b0c6c00 JavaThread "Sweeper thread" daemon [_thread_blocked, id=12852, stack(0x000000e6d5b00000,0x000000e6d5c00000)]
  0x0000029e1b21c3f0 JavaThread "Notification Thread" daemon [_thread_blocked, id=9316, stack(0x000000e6d5c00000,0x000000e6d5d00000)]
  0x0000029e1b2224d0 JavaThread "Common-Cleaner" daemon [_thread_blocked, id=25964, stack(0x000000e6d5e00000,0x000000e6d5f00000)]
  0x0000029e1b734d50 JavaThread "ReaderThread" [_thread_in_native, id=12816, stack(0x000000e6d6100000,0x000000e6d6200000)]
  0x0000029e1bb01f30 JavaThread "C2 CompilerThread1" daemon [_thread_in_native, id=22608, stack(0x000000e6d5f00000,0x000000e6d6000000)]

Other Threads:
  0x0000029e7f4ee660 VMThread "VM Thread" [stack: 0x000000e6d5200000,0x000000e6d5300000] [id=7372]
  0x0000029e76cabb70 WatcherThread [stack: 0x000000e6d5d00000,0x000000e6d5e00000] [id=27220]
  0x0000029e76c92c00 GCTaskThread "GC Thread#0" [stack: 0x000000e6d4d00000,0x000000e6d4e00000] [id=21744]
  0x0000029e1c3e0fd0 GCTaskThread "GC Thread#1" [stack: 0x000000e6d6200000,0x000000e6d6300000] [id=21900]
  0x0000029e1baea040 GCTaskThread "GC Thread#2" [stack: 0x000000e6d6300000,0x000000e6d6400000] [id=27460]
  0x0000029e1baea300 GCTaskThread "GC Thread#3" [stack: 0x000000e6d6400000,0x000000e6d6500000] [id=19588]
  0x0000029e1baea9c0 GCTaskThread "GC Thread#4" [stack: 0x000000e6d6500000,0x000000e6d6600000] [id=4548]
  0x0000029e1c200c60 GCTaskThread "GC Thread#5" [stack: 0x000000e6d6600000,0x000000e6d6700000] [id=11104]
  0x0000029e1c35c390 GCTaskThread "GC Thread#6" [stack: 0x000000e6d6700000,0x000000e6d6800000] [id=6948]
  0x0000029e76ca3820 ConcurrentGCThread "G1 Main Marker" [stack: 0x000000e6d4e00000,0x000000e6d4f00000] [id=22540]
  0x0000029e76ca49d0 ConcurrentGCThread "G1 Conc#0" [stack: 0x000000e6d4f00000,0x000000e6d5000000] [id=22712]
  0x0000029e76cde830 ConcurrentGCThread "G1 Refine#0" [stack: 0x000000e6d5000000,0x000000e6d5100000] [id=6764]
  0x0000029e7f3944e0 ConcurrentGCThread "G1 Service" [stack: 0x000000e6d5100000,0x000000e6d5200000] [id=20112]

Threads with active compile tasks:
C2 CompilerThread0      986 1155       4       jdk.internal.org.objectweb.asm.Frame::execute (2305 bytes)
C2 CompilerThread1      986 1261       4       java.io.DataInputStream::readUTF (501 bytes)

VM state: not at safepoint (normal execution)

VM Mutex/Monitor currently owned by a thread: None

Heap address: 0x0000000703200000, size: 4046 MB, Compressed Oops mode: Zero based, Oop shift amount: 3

CDS archive(s) not mapped
Compressed class space mapped at: 0x0000000800000000-0x0000000840000000, reserved size: 1073741824
Narrow klass base: 0x0000000800000000, Narrow klass shift: 0, Narrow klass range: 0x40000000

GC Precious Log:
 CPUs: 12 total, 12 available
 Memory: 16176M
 Large Page Support: Disabled
 NUMA Support: Disabled
 Compressed Oops: Enabled (Zero based)
 Heap Region Size: 2M
 Heap Min Capacity: 8M
 Heap Initial Capacity: 254M
 Heap Max Capacity: 4046M
 Pre-touch: Disabled
 Parallel Workers: 10
 Concurrent Workers: 3
 Concurrent Refinement Workers: 10
 Periodic GC: Disabled

Heap:
 garbage-first heap   total 260096K, used 3815K [0x0000000703200000, 0x0000000800000000)
  region size 2048K, 3 young (6144K), 2 survivors (4096K)
 Metaspace       used 16515K, committed 16832K, reserved 1114112K
  class space    used 1707K, committed 1856K, reserved 1048576K

Heap Regions: E=young(eden), S=young(survivor), O=old, HS=humongous(starts), HC=humongous(continues), CS=collection set, F=free, OA=open archive, CA=closed archive, TAMS=top-at-mark-start (previous, next)
|   0|0x0000000703200000, 0x0000000703200000, 0x0000000703400000|  0%| F|  |TAMS 0x0000000703200000, 0x0000000703200000| Untracked 
|   1|0x0000000703400000, 0x0000000703400000, 0x0000000703600000|  0%| F|  |TAMS 0x0000000703400000, 0x0000000703400000| Untracked 
|   2|0x0000000703600000, 0x0000000703600000, 0x0000000703800000|  0%| F|  |TAMS 0x0000000703600000, 0x0000000703600000| Untracked 
|   3|0x0000000703800000, 0x0000000703800000, 0x0000000703a00000|  0%| F|  |TAMS 0x0000000703800000, 0x0000000703800000| Untracked 
|   4|0x0000000703a00000, 0x0000000703a00000, 0x0000000703c00000|  0%| F|  |TAMS 0x0000000703a00000, 0x0000000703a00000| Untracked 
|   5|0x0000000703c00000, 0x0000000703c00000, 0x0000000703e00000|  0%| F|  |TAMS 0x0000000703c00000, 0x0000000703c00000| Untracked 
|   6|0x0000000703e00000, 0x0000000703e00000, 0x0000000704000000|  0%| F|  |TAMS 0x0000000703e00000, 0x0000000703e00000| Untracked 
|   7|0x0000000704000000, 0x0000000704000000, 0x0000000704200000|  0%| F|  |TAMS 0x0000000704000000, 0x0000000704000000| Untracked 
|   8|0x0000000704200000, 0x0000000704200000, 0x0000000704400000|  0%| F|  |TAMS 0x0000000704200000, 0x0000000704200000| Untracked 
|   9|0x0000000704400000, 0x0000000704400000, 0x0000000704600000|  0%| F|  |TAMS 0x0000000704400000, 0x0000000704400000| Untracked 
|  10|0x0000000704600000, 0x0000000704600000, 0x0000000704800000|  0%| F|  |TAMS 0x0000000704600000, 0x0000000704600000| Untracked 
|  11|0x0000000704800000, 0x0000000704800000, 0x0000000704a00000|  0%| F|  |TAMS 0x0000000704800000, 0x0000000704800000| Untracked 
|  12|0x0000000704a00000, 0x0000000704a00000, 0x0000000704c00000|  0%| F|  |TAMS 0x0000000704a00000, 0x0000000704a00000| Untracked 
|  13|0x0000000704c00000, 0x0000000704c00000, 0x0000000704e00000|  0%| F|  |TAMS 0x0000000704c00000, 0x0000000704c00000| Untracked 
|  14|0x0000000704e00000, 0x0000000704e00000, 0x0000000705000000|  0%| F|  |TAMS 0x0000000704e00000, 0x0000000704e00000| Untracked 
|  15|0x0000000705000000, 0x0000000705000000, 0x0000000705200000|  0%| F|  |TAMS 0x0000000705000000, 0x0000000705000000| Untracked 
|  16|0x0000000705200000, 0x0000000705200000, 0x0000000705400000|  0%| F|  |TAMS 0x0000000705200000, 0x0000000705200000| Untracked 
|  17|0x0000000705400000, 0x0000000705400000, 0x0000000705600000|  0%| F|  |TAMS 0x0000000705400000, 0x0000000705400000| Untracked 
|  18|0x0000000705600000, 0x0000000705600000, 0x0000000705800000|  0%| F|  |TAMS 0x0000000705600000, 0x0000000705600000| Untracked 
|  19|0x0000000705800000, 0x0000000705800000, 0x0000000705a00000|  0%| F|  |TAMS 0x0000000705800000, 0x0000000705800000| Untracked 
|  20|0x0000000705a00000, 0x0000000705a00000, 0x0000000705c00000|  0%| F|  |TAMS 0x0000000705a00000, 0x0000000705a00000| Untracked 
|  21|0x0000000705c00000, 0x0000000705c00000, 0x0000000705e00000|  0%| F|  |TAMS 0x0000000705c00000, 0x0000000705c00000| Untracked 
|  22|0x0000000705e00000, 0x0000000705e00000, 0x0000000706000000|  0%| F|  |TAMS 0x0000000705e00000, 0x0000000705e00000| Untracked 
|  23|0x0000000706000000, 0x0000000706000000, 0x0000000706200000|  0%| F|  |TAMS 0x0000000706000000, 0x0000000706000000| Untracked 
|  24|0x0000000706200000, 0x0000000706200000, 0x0000000706400000|  0%| F|  |TAMS 0x0000000706200000, 0x0000000706200000| Untracked 
|  25|0x0000000706400000, 0x0000000706400000, 0x0000000706600000|  0%| F|  |TAMS 0x0000000706400000, 0x0000000706400000| Untracked 
|  26|0x0000000706600000, 0x0000000706600000, 0x0000000706800000|  0%| F|  |TAMS 0x0000000706600000, 0x0000000706600000| Untracked 
|  27|0x0000000706800000, 0x0000000706800000, 0x0000000706a00000|  0%| F|  |TAMS 0x0000000706800000, 0x0000000706800000| Untracked 
|  28|0x0000000706a00000, 0x0000000706a00000, 0x0000000706c00000|  0%| F|  |TAMS 0x0000000706a00000, 0x0000000706a00000| Untracked 
|  29|0x0000000706c00000, 0x0000000706c00000, 0x0000000706e00000|  0%| F|  |TAMS 0x0000000706c00000, 0x0000000706c00000| Untracked 
|  30|0x0000000706e00000, 0x0000000706e00000, 0x0000000707000000|  0%| F|  |TAMS 0x0000000706e00000, 0x0000000706e00000| Untracked 
|  31|0x0000000707000000, 0x0000000707000000, 0x0000000707200000|  0%| F|  |TAMS 0x0000000707000000, 0x0000000707000000| Untracked 
|  32|0x0000000707200000, 0x0000000707200000, 0x0000000707400000|  0%| F|  |TAMS 0x0000000707200000, 0x0000000707200000| Untracked 
|  33|0x0000000707400000, 0x0000000707400000, 0x0000000707600000|  0%| F|  |TAMS 0x0000000707400000, 0x0000000707400000| Untracked 
|  34|0x0000000707600000, 0x0000000707600000, 0x0000000707800000|  0%| F|  |TAMS 0x0000000707600000, 0x0000000707600000| Untracked 
|  35|0x0000000707800000, 0x0000000707800000, 0x0000000707a00000|  0%| F|  |TAMS 0x0000000707800000, 0x0000000707800000| Untracked 
|  36|0x0000000707a00000, 0x0000000707a00000, 0x0000000707c00000|  0%| F|  |TAMS 0x0000000707a00000, 0x0000000707a00000| Untracked 
|  37|0x0000000707c00000, 0x0000000707c00000, 0x0000000707e00000|  0%| F|  |TAMS 0x0000000707c00000, 0x0000000707c00000| Untracked 
|  38|0x0000000707e00000, 0x0000000707e00000, 0x0000000708000000|  0%| F|  |TAMS 0x0000000707e00000, 0x0000000707e00000| Untracked 
|  39|0x0000000708000000, 0x0000000708000000, 0x0000000708200000|  0%| F|  |TAMS 0x0000000708000000, 0x0000000708000000| Untracked 
|  40|0x0000000708200000, 0x0000000708200000, 0x0000000708400000|  0%| F|  |TAMS 0x0000000708200000, 0x0000000708200000| Untracked 
|  41|0x0000000708400000, 0x0000000708400000, 0x0000000708600000|  0%| F|  |TAMS 0x0000000708400000, 0x0000000708400000| Untracked 
|  42|0x0000000708600000, 0x0000000708600000, 0x0000000708800000|  0%| F|  |TAMS 0x0000000708600000, 0x0000000708600000| Untracked 
|  43|0x0000000708800000, 0x0000000708800000, 0x0000000708a00000|  0%| F|  |TAMS 0x0000000708800000, 0x0000000708800000| Untracked 
|  44|0x0000000708a00000, 0x0000000708a00000, 0x0000000708c00000|  0%| F|  |TAMS 0x0000000708a00000, 0x0000000708a00000| Untracked 
|  45|0x0000000708c00000, 0x0000000708c00000, 0x0000000708e00000|  0%| F|  |TAMS 0x0000000708c00000, 0x0000000708c00000| Untracked 
|  46|0x0000000708e00000, 0x0000000708e00000, 0x0000000709000000|  0%| F|  |TAMS 0x0000000708e00000, 0x0000000708e00000| Untracked 
|  47|0x0000000709000000, 0x0000000709000000, 0x0000000709200000|  0%| F|  |TAMS 0x0000000709000000, 0x0000000709000000| Untracked 
|  48|0x0000000709200000, 0x0000000709200000, 0x0000000709400000|  0%| F|  |TAMS 0x0000000709200000, 0x0000000709200000| Untracked 
|  49|0x0000000709400000, 0x0000000709400000, 0x0000000709600000|  0%| F|  |TAMS 0x0000000709400000, 0x0000000709400000| Untracked 
|  50|0x0000000709600000, 0x0000000709600000, 0x0000000709800000|  0%| F|  |TAMS 0x0000000709600000, 0x0000000709600000| Untracked 
|  51|0x0000000709800000, 0x0000000709800000, 0x0000000709a00000|  0%| F|  |TAMS 0x0000000709800000, 0x0000000709800000| Untracked 
|  52|0x0000000709a00000, 0x0000000709a00000, 0x0000000709c00000|  0%| F|  |TAMS 0x0000000709a00000, 0x0000000709a00000| Untracked 
|  53|0x0000000709c00000, 0x0000000709c00000, 0x0000000709e00000|  0%| F|  |TAMS 0x0000000709c00000, 0x0000000709c00000| Untracked 
|  54|0x0000000709e00000, 0x0000000709e00000, 0x000000070a000000|  0%| F|  |TAMS 0x0000000709e00000, 0x0000000709e00000| Untracked 
|  55|0x000000070a000000, 0x000000070a000000, 0x000000070a200000|  0%| F|  |TAMS 0x000000070a000000, 0x000000070a000000| Untracked 
|  56|0x000000070a200000, 0x000000070a200000, 0x000000070a400000|  0%| F|  |TAMS 0x000000070a200000, 0x000000070a200000| Untracked 
|  57|0x000000070a400000, 0x000000070a400000, 0x000000070a600000|  0%| F|  |TAMS 0x000000070a400000, 0x000000070a400000| Untracked 
|  58|0x000000070a600000, 0x000000070a600000, 0x000000070a800000|  0%| F|  |TAMS 0x000000070a600000, 0x000000070a600000| Untracked 
|  59|0x000000070a800000, 0x000000070a800000, 0x000000070aa00000|  0%| F|  |TAMS 0x000000070a800000, 0x000000070a800000| Untracked 
|  60|0x000000070aa00000, 0x000000070aa00000, 0x000000070ac00000|  0%| F|  |TAMS 0x000000070aa00000, 0x000000070aa00000| Untracked 
|  61|0x000000070ac00000, 0x000000070ac00000, 0x000000070ae00000|  0%| F|  |TAMS 0x000000070ac00000, 0x000000070ac00000| Untracked 
|  62|0x000000070ae00000, 0x000000070ae00000, 0x000000070b000000|  0%| F|  |TAMS 0x000000070ae00000, 0x000000070ae00000| Untracked 
|  63|0x000000070b000000, 0x000000070b000000, 0x000000070b200000|  0%| F|  |TAMS 0x000000070b000000, 0x000000070b000000| Untracked 
|  64|0x000000070b200000, 0x000000070b200000, 0x000000070b400000|  0%| F|  |TAMS 0x000000070b200000, 0x000000070b200000| Untracked 
|  65|0x000000070b400000, 0x000000070b400000, 0x000000070b600000|  0%| F|  |TAMS 0x000000070b400000, 0x000000070b400000| Untracked 
|  66|0x000000070b600000, 0x000000070b600000, 0x000000070b800000|  0%| F|  |TAMS 0x000000070b600000, 0x000000070b600000| Untracked 
|  67|0x000000070b800000, 0x000000070b800000, 0x000000070ba00000|  0%| F|  |TAMS 0x000000070b800000, 0x000000070b800000| Untracked 
|  68|0x000000070ba00000, 0x000000070ba00000, 0x000000070bc00000|  0%| F|  |TAMS 0x000000070ba00000, 0x000000070ba00000| Untracked 
|  69|0x000000070bc00000, 0x000000070bc00000, 0x000000070be00000|  0%| F|  |TAMS 0x000000070bc00000, 0x000000070bc00000| Untracked 
|  70|0x000000070be00000, 0x000000070be00000, 0x000000070c000000|  0%| F|  |TAMS 0x000000070be00000, 0x000000070be00000| Untracked 
|  71|0x000000070c000000, 0x000000070c000000, 0x000000070c200000|  0%| F|  |TAMS 0x000000070c000000, 0x000000070c000000| Untracked 
|  72|0x000000070c200000, 0x000000070c200000, 0x000000070c400000|  0%| F|  |TAMS 0x000000070c200000, 0x000000070c200000| Untracked 
|  73|0x000000070c400000, 0x000000070c400000, 0x000000070c600000|  0%| F|  |TAMS 0x000000070c400000, 0x000000070c400000| Untracked 
|  74|0x000000070c600000, 0x000000070c600000, 0x000000070c800000|  0%| F|  |TAMS 0x000000070c600000, 0x000000070c600000| Untracked 
|  75|0x000000070c800000, 0x000000070c800000, 0x000000070ca00000|  0%| F|  |TAMS 0x000000070c800000, 0x000000070c800000| Untracked 
|  76|0x000000070ca00000, 0x000000070ca00000, 0x000000070cc00000|  0%| F|  |TAMS 0x000000070ca00000, 0x000000070ca00000| Untracked 
|  77|0x000000070cc00000, 0x000000070cc00000, 0x000000070ce00000|  0%| F|  |TAMS 0x000000070cc00000, 0x000000070cc00000| Untracked 
|  78|0x000000070ce00000, 0x000000070ce00000, 0x000000070d000000|  0%| F|  |TAMS 0x000000070ce00000, 0x000000070ce00000| Untracked 
|  79|0x000000070d000000, 0x000000070d000000, 0x000000070d200000|  0%| F|  |TAMS 0x000000070d000000, 0x000000070d000000| Untracked 
|  80|0x000000070d200000, 0x000000070d200000, 0x000000070d400000|  0%| F|  |TAMS 0x000000070d200000, 0x000000070d200000| Untracked 
|  81|0x000000070d400000, 0x000000070d400000, 0x000000070d600000|  0%| F|  |TAMS 0x000000070d400000, 0x000000070d400000| Untracked 
|  82|0x000000070d600000, 0x000000070d600000, 0x000000070d800000|  0%| F|  |TAMS 0x000000070d600000, 0x000000070d600000| Untracked 
|  83|0x000000070d800000, 0x000000070d800000, 0x000000070da00000|  0%| F|  |TAMS 0x000000070d800000, 0x000000070d800000| Untracked 
|  84|0x000000070da00000, 0x000000070da00000, 0x000000070dc00000|  0%| F|  |TAMS 0x000000070da00000, 0x000000070da00000| Untracked 
|  85|0x000000070dc00000, 0x000000070dc00000, 0x000000070de00000|  0%| F|  |TAMS 0x000000070dc00000, 0x000000070dc00000| Untracked 
|  86|0x000000070de00000, 0x000000070de00000, 0x000000070e000000|  0%| F|  |TAMS 0x000000070de00000, 0x000000070de00000| Untracked 
|  87|0x000000070e000000, 0x000000070e000000, 0x000000070e200000|  0%| F|  |TAMS 0x000000070e000000, 0x000000070e000000| Untracked 
|  88|0x000000070e200000, 0x000000070e200000, 0x000000070e400000|  0%| F|  |TAMS 0x000000070e200000, 0x000000070e200000| Untracked 
|  89|0x000000070e400000, 0x000000070e400000, 0x000000070e600000|  0%| F|  |TAMS 0x000000070e400000, 0x000000070e400000| Untracked 
|  90|0x000000070e600000, 0x000000070e600000, 0x000000070e800000|  0%| F|  |TAMS 0x000000070e600000, 0x000000070e600000| Untracked 
|  91|0x000000070e800000, 0x000000070e800000, 0x000000070ea00000|  0%| F|  |TAMS 0x000000070e800000, 0x000000070e800000| Untracked 
|  92|0x000000070ea00000, 0x000000070ea00000, 0x000000070ec00000|  0%| F|  |TAMS 0x000000070ea00000, 0x000000070ea00000| Untracked 
|  93|0x000000070ec00000, 0x000000070ec00000, 0x000000070ee00000|  0%| F|  |TAMS 0x000000070ec00000, 0x000000070ec00000| Untracked 
|  94|0x000000070ee00000, 0x000000070ee00000, 0x000000070f000000|  0%| F|  |TAMS 0x000000070ee00000, 0x000000070ee00000| Untracked 
|  95|0x000000070f000000, 0x000000070f000000, 0x000000070f200000|  0%| F|  |TAMS 0x000000070f000000, 0x000000070f000000| Untracked 
|  96|0x000000070f200000, 0x000000070f200000, 0x000000070f400000|  0%| F|  |TAMS 0x000000070f200000, 0x000000070f200000| Untracked 
|  97|0x000000070f400000, 0x000000070f400000, 0x000000070f600000|  0%| F|  |TAMS 0x000000070f400000, 0x000000070f400000| Untracked 
|  98|0x000000070f600000, 0x000000070f600000, 0x000000070f800000|  0%| F|  |TAMS 0x000000070f600000, 0x000000070f600000| Untracked 
|  99|0x000000070f800000, 0x000000070f800000, 0x000000070fa00000|  0%| F|  |TAMS 0x000000070f800000, 0x000000070f800000| Untracked 
| 100|0x000000070fa00000, 0x000000070fa00000, 0x000000070fc00000|  0%| F|  |TAMS 0x000000070fa00000, 0x000000070fa00000| Untracked 
| 101|0x000000070fc00000, 0x000000070fc00000, 0x000000070fe00000|  0%| F|  |TAMS 0x000000070fc00000, 0x000000070fc00000| Untracked 
| 102|0x000000070fe00000, 0x000000070fe00000, 0x0000000710000000|  0%| F|  |TAMS 0x000000070fe00000, 0x000000070fe00000| Untracked 
| 103|0x0000000710000000, 0x0000000710000000, 0x0000000710200000|  0%| F|  |TAMS 0x0000000710000000, 0x0000000710000000| Untracked 
| 104|0x0000000710200000, 0x0000000710200000, 0x0000000710400000|  0%| F|  |TAMS 0x0000000710200000, 0x0000000710200000| Untracked 
| 105|0x0000000710400000, 0x0000000710400000, 0x0000000710600000|  0%| F|  |TAMS 0x0000000710400000, 0x0000000710400000| Untracked 
| 106|0x0000000710600000, 0x0000000710600000, 0x0000000710800000|  0%| F|  |TAMS 0x0000000710600000, 0x0000000710600000| Untracked 
| 107|0x0000000710800000, 0x0000000710800000, 0x0000000710a00000|  0%| F|  |TAMS 0x0000000710800000, 0x0000000710800000| Untracked 
| 108|0x0000000710a00000, 0x0000000710a00000, 0x0000000710c00000|  0%| F|  |TAMS 0x0000000710a00000, 0x0000000710a00000| Untracked 
| 109|0x0000000710c00000, 0x0000000710c00000, 0x0000000710e00000|  0%| F|  |TAMS 0x0000000710c00000, 0x0000000710c00000| Untracked 
| 110|0x0000000710e00000, 0x0000000710e00000, 0x0000000711000000|  0%| F|  |TAMS 0x0000000710e00000, 0x0000000710e00000| Untracked 
| 111|0x0000000711000000, 0x0000000711000000, 0x0000000711200000|  0%| F|  |TAMS 0x0000000711000000, 0x0000000711000000| Untracked 
| 112|0x0000000711200000, 0x0000000711200000, 0x0000000711400000|  0%| F|  |TAMS 0x0000000711200000, 0x0000000711200000| Untracked 
| 113|0x0000000711400000, 0x0000000711400000, 0x0000000711600000|  0%| F|  |TAMS 0x0000000711400000, 0x0000000711400000| Untracked 
| 114|0x0000000711600000, 0x00000007117b9f60, 0x0000000711800000| 86%| S|CS|TAMS 0x0000000711600000, 0x0000000711600000| Complete 
| 115|0x0000000711800000, 0x0000000711a00000, 0x0000000711a00000|100%| S|CS|TAMS 0x0000000711800000, 0x0000000711800000| Complete 
| 116|0x0000000711a00000, 0x0000000711a00000, 0x0000000711c00000|  0%| F|  |TAMS 0x0000000711a00000, 0x0000000711a00000| Untracked 
| 117|0x0000000711c00000, 0x0000000711c00000, 0x0000000711e00000|  0%| F|  |TAMS 0x0000000711c00000, 0x0000000711c00000| Untracked 
| 118|0x0000000711e00000, 0x0000000711e00000, 0x0000000712000000|  0%| F|  |TAMS 0x0000000711e00000, 0x0000000711e00000| Untracked 
| 119|0x0000000712000000, 0x0000000712000000, 0x0000000712200000|  0%| F|  |TAMS 0x0000000712000000, 0x0000000712000000| Untracked 
| 120|0x0000000712200000, 0x0000000712200000, 0x0000000712400000|  0%| F|  |TAMS 0x0000000712200000, 0x0000000712200000| Untracked 
| 121|0x0000000712400000, 0x0000000712400000, 0x0000000712600000|  0%| F|  |TAMS 0x0000000712400000, 0x0000000712400000| Untracked 
| 122|0x0000000712600000, 0x0000000712600000, 0x0000000712800000|  0%| F|  |TAMS 0x0000000712600000, 0x0000000712600000| Untracked 
| 123|0x0000000712800000, 0x0000000712800000, 0x0000000712a00000|  0%| F|  |TAMS 0x0000000712800000, 0x0000000712800000| Untracked 
| 124|0x0000000712a00000, 0x0000000712a00000, 0x0000000712c00000|  0%| F|  |TAMS 0x0000000712a00000, 0x0000000712a00000| Untracked 
| 125|0x0000000712c00000, 0x0000000712c7e310, 0x0000000712e00000| 24%| E|  |TAMS 0x0000000712c00000, 0x0000000712c00000| Complete 
| 126|0x0000000712e00000, 0x0000000713000000, 0x0000000713000000|100%| E|CS|TAMS 0x0000000712e00000, 0x0000000712e00000| Complete 

Card table byte_map: [0x0000029e7b7e0000,0x0000029e7bfd0000] _byte_map_base: 0x0000029e77fc7000

Marking Bits (Prev, Next): (CMBitMap*) 0x0000029e76c93220, (CMBitMap*) 0x0000029e76c93260
 Prev Bits: [0x0000029e0f000000, 0x0000029e12f38000)
 Next Bits: [0x0000029e12f40000, 0x0000029e16e78000)

Polling page: 0x0000029e753b0000

Metaspace:

Usage:
  Non-class:     14.67 MB used.
      Class:      1.69 MB used.
       Both:     16.36 MB used.

Virtual space:
  Non-class space:       64.00 MB reserved,      14.88 MB ( 23%) committed,  1 nodes.
      Class space:        1.00 GB reserved,       1.81 MB ( <1%) committed,  1 nodes.
             Both:        1.06 GB reserved,      16.69 MB (  2%) committed. 

Chunk freelists:
   Non-Class:  304.00 KB
       Class:  14.04 MB
        Both:  14.32 MB

MaxMetaspaceSize: unlimited
CompressedClassSpaceSize: 1.00 GB
Initial GC threshold: 21.00 MB
Current GC threshold: 21.00 MB
CDS: off
MetaspaceReclaimPolicy: balanced
 - commit_granule_bytes: 65536.
 - commit_granule_words: 8192.
 - virtual_space_node_default_size: 8388608.
 - enlarge_chunks_in_place: 1.
 - new_chunks_are_fully_committed: 0.
 - uncommit_free_chunks: 1.
 - use_allocation_guard: 0.
 - handle_deallocations: 1.


Internal statistics:

num_allocs_failed_limit: 0.
num_arena_births: 264.
num_arena_deaths: 0.
num_vsnodes_births: 2.
num_vsnodes_deaths: 0.
num_space_committed: 268.
num_space_uncommitted: 0.
num_chunks_returned_to_freelist: 0.
num_chunks_taken_from_freelist: 531.
num_chunk_merges: 0.
num_chunk_splits: 323.
num_chunks_enlarged: 203.
num_inconsistent_stats: 0.

CodeHeap 'non-profiled nmethods': size=120000Kb used=420Kb max_used=420Kb free=119579Kb
 bounds [0x0000029e07ad0000, 0x0000029e07d40000, 0x0000029e0f000000]
CodeHeap 'profiled nmethods': size=120000Kb used=2388Kb max_used=2388Kb free=117611Kb
 bounds [0x0000029e00000000, 0x0000029e00270000, 0x0000029e07530000]
CodeHeap 'non-nmethods': size=5760Kb used=1190Kb max_used=1205Kb free=4569Kb
 bounds [0x0000029e07530000, 0x0000029e077a0000, 0x0000029e07ad0000]
 total_blobs=1816 nmethods=1326 adapters=403
 compilation: enabled
              stopped_count=0, restarted_count=0
 full_count=0

Compilation events (20 events):
Event: 0.915 Thread 0x0000029e1b0ac720 nmethod 1239 0x0000029e0022c710 code [0x0000029e0022c8c0, 0x0000029e0022ca58]
Event: 0.915 Thread 0x0000029e1b0ac720 1240   !   3       java.util.zip.ZipFile$ZipFileInflaterInputStream::close (67 bytes)
Event: 0.916 Thread 0x0000029e1b0ac720 nmethod 1240 0x0000029e0022cb90 code [0x0000029e0022cdc0, 0x0000029e0022d638]
Event: 0.916 Thread 0x0000029e1b0ac720 1242       3       java.util.WeakHashMap::remove (131 bytes)
Event: 0.916 Thread 0x0000029e1b0ac720 nmethod 1242 0x0000029e0022da10 code [0x0000029e0022dc60, 0x0000029e0022e7f8]
Event: 0.922 Thread 0x0000029e1b0ac720 1244       3       jdk.internal.module.SystemModuleFinders$SystemModuleReader::containsImageLocation (42 bytes)
Event: 0.922 Thread 0x0000029e1b0ac720 nmethod 1244 0x0000029e0022ec10 code [0x0000029e0022ee20, 0x0000029e0022f4d8]
Event: 0.923 Thread 0x0000029e1b0ac720 1245       3       java.io.BufferedInputStream::getBufIfOpen (21 bytes)
Event: 0.924 Thread 0x0000029e1b0ac720 nmethod 1245 0x0000029e0022f790 code [0x0000029e0022f940, 0x0000029e0022fb48]
Event: 0.926 Thread 0x0000029e1b0ac720 1246  s    3       java.io.BufferedInputStream::read (49 bytes)
Event: 0.926 Thread 0x0000029e1b0ac720 nmethod 1246 0x0000029e0022fc10 code [0x0000029e0022fde0, 0x0000029e00230258]
Event: 0.939 Thread 0x0000029e1b0ac720 1247       3       java.lang.Integer::valueOf (32 bytes)
Event: 0.939 Thread 0x0000029e1b0ac720 nmethod 1247 0x0000029e00230410 code [0x0000029e002305c0, 0x0000029e002308d8]
Event: 0.943 Thread 0x0000029e1bb01f30 nmethod 1233 0x0000029e07b30e90 code [0x0000029e07b310e0, 0x0000029e07b329b0]
Event: 0.944 Thread 0x0000029e1bb01f30 1236   !   4       jdk.internal.loader.URLClassPath$JarLoader::ensureOpen (36 bytes)
Event: 0.945 Thread 0x0000029e1bb01f30 nmethod 1236 0x0000029e07b33a90 code [0x0000029e07b33c20, 0x0000029e07b33d68]
Event: 0.945 Thread 0x0000029e1bb01f30 1241       4       java.util.jar.JarFile::getEntry (35 bytes)
Event: 0.946 Thread 0x0000029e1b0ac720 1248       3       java.io.DataInputStream::readUTF (501 bytes)
Event: 0.947 Thread 0x0000029e1b0ac720 nmethod 1248 0x0000029e00230a10 code [0x0000029e00230e60, 0x0000029e00232f08]
Event: 0.947 Thread 0x0000029e1b0ac720 1250       3       java.io.DataInputStream::readInt (72 bytes)

GC Heap History (0 events):
No events

Dll operation events (6 events):
Event: 0.014 Loaded shared library C:\Users\Anand.Gummadilli\.p2\pool\plugins\org.eclipse.justj.openjdk.hotspot.jre.full.win32.x86_64_17.0.8.v20230801-1951\jre\bin\java.dll
Event: 0.140 Loaded shared library C:\Users\Anand.Gummadilli\.p2\pool\plugins\org.eclipse.justj.openjdk.hotspot.jre.full.win32.x86_64_17.0.8.v20230801-1951\jre\bin\net.dll
Event: 0.145 Loaded shared library C:\Users\Anand.Gummadilli\.p2\pool\plugins\org.eclipse.justj.openjdk.hotspot.jre.full.win32.x86_64_17.0.8.v20230801-1951\jre\bin\nio.dll
Event: 0.153 Loaded shared library C:\Users\Anand.Gummadilli\.p2\pool\plugins\org.eclipse.justj.openjdk.hotspot.jre.full.win32.x86_64_17.0.8.v20230801-1951\jre\bin\zip.dll
Event: 0.274 Loaded shared library C:\Users\Anand.Gummadilli\.p2\pool\plugins\org.eclipse.justj.openjdk.hotspot.jre.full.win32.x86_64_17.0.8.v20230801-1951\jre\bin\jimage.dll
Event: 0.305 Loaded shared library C:\Users\Anand.Gummadilli\.p2\pool\plugins\org.eclipse.justj.openjdk.hotspot.jre.full.win32.x86_64_17.0.8.v20230801-1951\jre\bin\verify.dll

Deoptimization events (20 events):
Event: 0.170 Thread 0x0000029e76c26c30 DEOPT PACKING pc=0x0000029e00018a8c sp=0x000000e6d4cfa510
Event: 0.170 Thread 0x0000029e76c26c30 DEOPT UNPACKING pc=0x0000029e07587143 sp=0x000000e6d4cf99a0 mode 0
Event: 0.170 Thread 0x0000029e76c26c30 DEOPT PACKING pc=0x0000029e00018a8c sp=0x000000e6d4cfa510
Event: 0.170 Thread 0x0000029e76c26c30 DEOPT UNPACKING pc=0x0000029e07587143 sp=0x000000e6d4cf99a0 mode 0
Event: 0.171 Thread 0x0000029e76c26c30 DEOPT PACKING pc=0x0000029e00018a8c sp=0x000000e6d4cfa510
Event: 0.171 Thread 0x0000029e76c26c30 DEOPT UNPACKING pc=0x0000029e07587143 sp=0x000000e6d4cf99a0 mode 0
Event: 0.172 Thread 0x0000029e76c26c30 DEOPT PACKING pc=0x0000029e00018a8c sp=0x000000e6d4cfa510
Event: 0.172 Thread 0x0000029e76c26c30 DEOPT UNPACKING pc=0x0000029e07587143 sp=0x000000e6d4cf99a0 mode 0
Event: 0.172 Thread 0x0000029e76c26c30 DEOPT PACKING pc=0x0000029e00018a8c sp=0x000000e6d4cfa510
Event: 0.172 Thread 0x0000029e76c26c30 DEOPT UNPACKING pc=0x0000029e07587143 sp=0x000000e6d4cf99a0 mode 0
Event: 0.173 Thread 0x0000029e76c26c30 DEOPT PACKING pc=0x0000029e00018a8c sp=0x000000e6d4cfa510
Event: 0.173 Thread 0x0000029e76c26c30 DEOPT UNPACKING pc=0x0000029e07587143 sp=0x000000e6d4cf99a0 mode 0
Event: 0.198 Thread 0x0000029e76c26c30 DEOPT PACKING pc=0x0000029e00017f67 sp=0x000000e6d4cfde90
Event: 0.198 Thread 0x0000029e76c26c30 DEOPT UNPACKING pc=0x0000029e07587143 sp=0x000000e6d4cfd2b0 mode 0
Event: 0.206 Thread 0x0000029e76c26c30 DEOPT PACKING pc=0x0000029e000075d1 sp=0x000000e6d4cfd7b0
Event: 0.206 Thread 0x0000029e76c26c30 DEOPT UNPACKING pc=0x0000029e07587143 sp=0x000000e6d4cfcc28 mode 0
Event: 0.311 Thread 0x0000029e76c26c30 DEOPT PACKING pc=0x0000029e00033e65 sp=0x000000e6d4cfb8a0
Event: 0.311 Thread 0x0000029e76c26c30 DEOPT UNPACKING pc=0x0000029e07587143 sp=0x000000e6d4cfacf0 mode 0
Event: 0.590 Thread 0x0000029e76c26c30 DEOPT PACKING pc=0x0000029e000231fe sp=0x000000e6d4cfe640
Event: 0.591 Thread 0x0000029e76c26c30 DEOPT UNPACKING pc=0x0000029e07587143 sp=0x000000e6d4cfdab0 mode 0

Classes unloaded (0 events):
No events

Classes redefined (0 events):
No events

Internal exceptions (20 events):
Event: 0.729 Thread 0x0000029e76c26c30 Exception <a 'java/lang/NoSuchMethodError'{0x000000071235c0a8}: 'java.lang.Object java.lang.invoke.DirectMethodHandle$Holder.invokeSpecial(java.lang.Object, java.lang.Object, java.lang.Object, int, java.lang.Object)'> (0x000000071235c0a8) 
thrown [s\src\hotspot\share\interpreter\linkResolver.cpp, line 759]
Event: 0.732 Thread 0x0000029e76c26c30 Exception <a 'java/lang/NoSuchMethodError'{0x0000000712374a30}: 'int java.lang.invoke.DirectMethodHandle$Holder.invokeStaticInit(java.lang.Object, java.lang.Object, java.lang.Object)'> (0x0000000712374a30) 
thrown [s\src\hotspot\share\interpreter\linkResolver.cpp, line 759]
Event: 0.759 Thread 0x0000029e76c26c30 Exception <a 'java/lang/NoSuchMethodError'{0x00000007120acd98}: 'java.lang.Object java.lang.invoke.DirectMethodHandle$Holder.invokeInterface(java.lang.Object, java.lang.Object)'> (0x00000007120acd98) 
thrown [s\src\hotspot\share\interpreter\linkResolver.cpp, line 759]
Event: 0.759 Thread 0x0000029e76c26c30 Exception <a 'java/lang/IncompatibleClassChangeError'{0x00000007120b0590}: Found class java.lang.Object, but interface was expected> (0x00000007120b0590) 
thrown [s\src\hotspot\share\interpreter\linkResolver.cpp, line 826]
Event: 0.762 Thread 0x0000029e76c26c30 Exception <a 'java/lang/NoSuchMethodError'{0x00000007120c8460}: 'java.lang.Object java.lang.invoke.DirectMethodHandle$Holder.invokeSpecial(java.lang.Object, java.lang.Object, java.lang.Object, java.lang.Object, java.lang.Object, java.lang.Object, java.lang.Object, java.lang.Object, java.lang.Object, java.lang.Object)'> (0x00000007120c8460) 
thrown [s\src\hotspot\share\interpreter\linkResolver.cpp, line 759]
Event: 0.763 Thread 0x0000029e76c26c30 Exception <a 'java/lang/NoSuchMethodError'{0x00000007120d3168}: 'java.lang.Object java.lang.invoke.DirectMethodHandle$Holder.newInvokeSpecial(java.lang.Object, java.lang.Object, java.lang.Object, java.lang.Object, java.lang.Object, java.lang.Object, java.lang.Object, java.lang.Object, java.lang.Object)'> (0x00000007120d3168) 
thrown [s\src\hotspot\share\interpreter\linkResolver.cpp, line 759]
Event: 0.763 Thread 0x0000029e76c26c30 Exception <a 'java/lang/NoSuchMethodError'{0x00000007120d84b8}: 'java.lang.Object java.lang.invoke.Invokers$Holder.linkToTargetMethod(java.lang.Object, java.lang.Object, java.lang.Object, java.lang.Object, java.lang.Object, java.lang.Object, java.lang.Object, java.lang.Object, java.lang.Object)'> (0x00000007120d84b8) 
thrown [s\src\hotspot\share\interpreter\linkResolver.cpp, line 759]
Event: 0.769 Thread 0x0000029e76c26c30 Exception <a 'java/lang/NoSuchMethodError'{0x0000000712106448}: 'java.lang.Object java.lang.invoke.DirectMethodHandle$Holder.newInvokeSpecial(java.lang.Object, java.lang.Object, java.lang.Object, java.lang.Object, java.lang.Object, java.lang.Object, java.lang.Object)'> (0x0000000712106448) 
thrown [s\src\hotspot\share\interpreter\linkResolver.cpp, line 759]
Event: 0.769 Thread 0x0000029e76c26c30 Exception <a 'java/lang/NoSuchMethodError'{0x000000071210b0b0}: 'java.lang.Object java.lang.invoke.Invokers$Holder.linkToTargetMethod(java.lang.Object, java.lang.Object, java.lang.Object, java.lang.Object, java.lang.Object, java.lang.Object, java.lang.Object)'> (0x000000071210b0b0) 
thrown [s\src\hotspot\share\interpreter\linkResolver.cpp, line 759]
Event: 0.773 Thread 0x0000029e76c26c30 Exception <a 'java/lang/NoSuchMethodError'{0x0000000712144db8}: 'java.lang.Object java.lang.invoke.DirectMethodHandle$Holder.invokeStatic(java.lang.Object, int, java.lang.Object, java.lang.Object)'> (0x0000000712144db8) 
thrown [s\src\hotspot\share\interpreter\linkResolver.cpp, line 759]
Event: 0.774 Thread 0x0000029e76c26c30 Exception <a 'java/lang/NoSuchMethodError'{0x000000071214bef8}: 'java.lang.Object java.lang.invoke.DirectMethodHandle$Holder.newInvokeSpecial(java.lang.Object, int, java.lang.Object)'> (0x000000071214bef8) 
thrown [s\src\hotspot\share\interpreter\linkResolver.cpp, line 759]
Event: 0.780 Thread 0x0000029e76c26c30 Exception <a 'java/lang/NoSuchMethodError'{0x000000071217e6b8}: 'java.lang.Object java.lang.invoke.DirectMethodHandle$Holder.newInvokeSpecial(java.lang.Object, java.lang.Object, java.lang.Object, java.lang.Object, java.lang.Object)'> (0x000000071217e6b8) 
thrown [s\src\hotspot\share\interpreter\linkResolver.cpp, line 759]
Event: 0.793 Thread 0x0000029e76c26c30 Exception <a 'java/lang/IncompatibleClassChangeError'{0x00000007121fbbe0}: Found class java.lang.Object, but interface was expected> (0x00000007121fbbe0) 
thrown [s\src\hotspot\share\interpreter\linkResolver.cpp, line 826]
Event: 0.803 Thread 0x0000029e76c26c30 Exception <a 'java/lang/NoSuchMethodError'{0x0000000711e6bc38}: 'java.lang.Object java.lang.invoke.Invokers$Holder.linkToTargetMethod(java.lang.Object, long, java.lang.Object)'> (0x0000000711e6bc38) 
thrown [s\src\hotspot\share\interpreter\linkResolver.cpp, line 759]
Event: 0.809 Thread 0x0000029e76c26c30 Exception <a 'java/lang/NoSuchMethodError'{0x0000000711eac5f0}: 'java.lang.Object java.lang.invoke.DirectMethodHandle$Holder.invokeStatic(java.lang.Object, java.lang.Object, java.lang.Object, int, java.lang.Object, java.lang.Object)'> (0x0000000711eac5f0) 
thrown [s\src\hotspot\share\interpreter\linkResolver.cpp, line 759]
Event: 0.810 Thread 0x0000029e76c26c30 Exception <a 'java/lang/NoSuchMethodError'{0x0000000711eb4b30}: 'java.lang.Object java.lang.invoke.DirectMethodHandle$Holder.newInvokeSpecial(java.lang.Object, java.lang.Object, java.lang.Object, int, java.lang.Object)'> (0x0000000711eb4b30) 
thrown [s\src\hotspot\share\interpreter\linkResolver.cpp, line 759]
Event: 0.810 Thread 0x0000029e76c26c30 Exception <a 'java/lang/NoSuchMethodError'{0x0000000711ebc500}: 'java.lang.Object java.lang.invoke.Invokers$Holder.linkToTargetMethod(java.lang.Object, java.lang.Object, int, java.lang.Object, java.lang.Object)'> (0x0000000711ebc500) 
thrown [s\src\hotspot\share\interpreter\linkResolver.cpp, line 759]
Event: 0.860 Thread 0x0000029e76c26c30 Exception <a 'java/lang/NoSuchMethodError'{0x0000000711c98010}: 'void java.lang.invoke.DirectMethodHandle$Holder.invokeInterface(java.lang.Object, java.lang.Object)'> (0x0000000711c98010) 
thrown [s\src\hotspot\share\interpreter\linkResolver.cpp, line 759]
Event: 0.881 Thread 0x0000029e76c26c30 Exception <a 'java/lang/NoSuchMethodError'{0x0000000711d73698}: 'int java.lang.invoke.DirectMethodHandle$Holder.invokeInterface(java.lang.Object, java.lang.Object)'> (0x0000000711d73698) 
thrown [s\src\hotspot\share\interpreter\linkResolver.cpp, line 759]
Event: 0.881 Thread 0x0000029e76c26c30 Exception <a 'java/lang/IncompatibleClassChangeError'{0x0000000711d76c28}: Found class java.lang.Object, but interface was expected> (0x0000000711d76c28) 
thrown [s\src\hotspot\share\interpreter\linkResolver.cpp, line 826]

VM Operations (12 events):
Event: 0.155 Executing VM operation: HandshakeAllThreads
Event: 0.155 Executing VM operation: HandshakeAllThreads done
Event: 0.280 Executing VM operation: HandshakeAllThreads
Event: 0.280 Executing VM operation: HandshakeAllThreads done
Event: 0.354 Executing VM operation: HandshakeAllThreads
Event: 0.354 Executing VM operation: HandshakeAllThreads done
Event: 0.380 Executing VM operation: HandshakeAllThreads
Event: 0.380 Executing VM operation: HandshakeAllThreads done
Event: 0.478 Executing VM operation: HandshakeAllThreads
Event: 0.478 Executing VM operation: HandshakeAllThreads done
Event: 0.910 Executing VM operation: HandshakeAllThreads
Event: 0.910 Executing VM operation: HandshakeAllThreads done

Events (20 events):
Event: 0.939 loading class java/io/ObjectOutputStream
Event: 0.939 loading class java/io/ObjectOutput
Event: 0.939 loading class java/io/ObjectOutput done
Event: 0.939 loading class java/io/ObjectOutputStream done
Event: 0.939 loading class java/lang/Process
Event: 0.940 loading class java/lang/Process done
Event: 0.940 loading class java/io/DataOutputStream
Event: 0.941 loading class java/io/DataOutputStream done
Event: 0.941 loading class java/net/ServerSocket
Event: 0.941 loading class java/net/ServerSocket done
Event: 0.941 loading class java/util/stream/DoubleStream
Event: 0.942 loading class java/util/stream/DoubleStream done
Event: 0.942 loading class java/util/stream/LongStream
Event: 0.942 loading class java/util/stream/LongStream done
Event: 0.943 loading class java/util/OptionalDouble
Event: 0.943 loading class java/util/OptionalDouble done
Event: 0.943 loading class java/util/OptionalInt
Event: 0.943 loading class java/util/OptionalInt done
Event: 0.943 loading class java/util/OptionalLong
Event: 0.943 loading class java/util/OptionalLong done


Dynamic libraries:
0x00007ff7f9290000 - 0x00007ff7f929e000 	C:\Users\Anand.Gummadilli\.p2\pool\plugins\org.eclipse.justj.openjdk.hotspot.jre.full.win32.x86_64_17.0.8.v20230801-1951\jre\bin\javaw.exe
0x00007ff8c3bf0000 - 0x00007ff8c3de8000 	C:\windows\SYSTEM32\ntdll.dll
0x00007ff8c2150000 - 0x00007ff8c220d000 	C:\windows\System32\KERNEL32.DLL
0x00007ff8c1620000 - 0x00007ff8c1916000 	C:\windows\System32\KERNELBASE.dll
0x00007ff8c1400000 - 0x00007ff8c1500000 	C:\windows\System32\ucrtbase.dll
0x00007ff8b7090000 - 0x00007ff8b70a7000 	C:\Users\Anand.Gummadilli\.p2\pool\plugins\org.eclipse.justj.openjdk.hotspot.jre.full.win32.x86_64_17.0.8.v20230801-1951\jre\bin\jli.dll
0x00007ff8b70b0000 - 0x00007ff8b70c9000 	C:\Users\Anand.Gummadilli\.p2\pool\plugins\org.eclipse.justj.openjdk.hotspot.jre.full.win32.x86_64_17.0.8.v20230801-1951\jre\bin\VCRUNTIME140.dll
0x00007ff8c38e0000 - 0x00007ff8c3a7f000 	C:\windows\System32\USER32.dll
0x00007ff8ab0c0000 - 0x00007ff8ab35a000 	C:\windows\WinSxS\amd64_microsoft.windows.common-controls_6595b64144ccf1df_6.0.19041.4355_none_60b8b9eb71f62e16\COMCTL32.dll
0x00007ff8c12b0000 - 0x00007ff8c12d2000 	C:\windows\System32\win32u.dll
0x00007ff8c3790000 - 0x00007ff8c382e000 	C:\windows\System32\msvcrt.dll
0x00007ff8c3280000 - 0x00007ff8c32ab000 	C:\windows\System32\GDI32.dll
0x00007ff8c1500000 - 0x00007ff8c1617000 	C:\windows\System32\gdi32full.dll
0x00007ff8c1330000 - 0x00007ff8c13cd000 	C:\windows\System32\msvcp_win.dll
0x00007ff8c2210000 - 0x00007ff8c223f000 	C:\windows\System32\IMM32.DLL
0x0000029e753d0000 - 0x0000029e753e4000 	C:\windows\System32\umppc18408.dll
0x00007ff8bb0e0000 - 0x00007ff8bb0ec000 	C:\Users\Anand.Gummadilli\.p2\pool\plugins\org.eclipse.justj.openjdk.hotspot.jre.full.win32.x86_64_17.0.8.v20230801-1951\jre\bin\vcruntime140_1.dll
0x00007ff89fdc0000 - 0x00007ff89fe51000 	C:\Users\Anand.Gummadilli\.p2\pool\plugins\org.eclipse.justj.openjdk.hotspot.jre.full.win32.x86_64_17.0.8.v20230801-1951\jre\bin\msvcp140.dll
0x00007ff801810000 - 0x00007ff80245c000 	C:\Users\Anand.Gummadilli\.p2\pool\plugins\org.eclipse.justj.openjdk.hotspot.jre.full.win32.x86_64_17.0.8.v20230801-1951\jre\bin\server\jvm.dll
0x00007ff8c3830000 - 0x00007ff8c38e0000 	C:\windows\System32\ADVAPI32.dll
0x00007ff8c3030000 - 0x00007ff8c30d0000 	C:\windows\System32\sechost.dll
0x00007ff8c3a80000 - 0x00007ff8c3ba3000 	C:\windows\System32\RPCRT4.dll
0x00007ff8c13d0000 - 0x00007ff8c13f7000 	C:\windows\System32\bcrypt.dll
0x00007ff8c07a0000 - 0x00007ff8c07eb000 	C:\windows\SYSTEM32\POWRPROF.dll
0x00007ff895fa0000 - 0x00007ff895fa9000 	C:\windows\SYSTEM32\WSOCK32.dll
0x00007ff8c2320000 - 0x00007ff8c238b000 	C:\windows\System32\WS2_32.dll
0x00007ff8b9430000 - 0x00007ff8b9457000 	C:\windows\SYSTEM32\WINMM.dll
0x00007ff8b9e20000 - 0x00007ff8b9e2a000 	C:\windows\SYSTEM32\VERSION.dll
0x00007ff8c0660000 - 0x00007ff8c0672000 	C:\windows\SYSTEM32\UMPDC.dll
0x00007ff8bfae0000 - 0x00007ff8bfaf2000 	C:\windows\SYSTEM32\kernel.appcore.dll
0x00007ff8aa890000 - 0x00007ff8aa89a000 	C:\Users\Anand.Gummadilli\.p2\pool\plugins\org.eclipse.justj.openjdk.hotspot.jre.full.win32.x86_64_17.0.8.v20230801-1951\jre\bin\jimage.dll
0x00007ff8bec80000 - 0x00007ff8bee64000 	C:\windows\SYSTEM32\DBGHELP.DLL
0x00007ff8b8ed0000 - 0x00007ff8b8f04000 	C:\windows\SYSTEM32\dbgcore.DLL
0x00007ff8c1ba0000 - 0x00007ff8c1c22000 	C:\windows\System32\bcryptPrimitives.dll
0x00007ff89dd30000 - 0x00007ff89dd55000 	C:\Users\Anand.Gummadilli\.p2\pool\plugins\org.eclipse.justj.openjdk.hotspot.jre.full.win32.x86_64_17.0.8.v20230801-1951\jre\bin\java.dll
0x00007ff89dc00000 - 0x00007ff89dc18000 	C:\Users\Anand.Gummadilli\.p2\pool\plugins\org.eclipse.justj.openjdk.hotspot.jre.full.win32.x86_64_17.0.8.v20230801-1951\jre\bin\zip.dll
0x00007ff8c25c0000 - 0x00007ff8c2d2c000 	C:\windows\System32\SHELL32.dll
0x00007ff8bee70000 - 0x00007ff8bf60d000 	C:\windows\SYSTEM32\windows.storage.dll
0x00007ff8c1df0000 - 0x00007ff8c2143000 	C:\windows\System32\combase.dll
0x00007ff8c0be0000 - 0x00007ff8c0c0e000 	C:\windows\SYSTEM32\Wldp.dll
0x00007ff8c2f60000 - 0x00007ff8c302d000 	C:\windows\System32\OLEAUT32.dll
0x00007ff8c2390000 - 0x00007ff8c243d000 	C:\windows\System32\SHCORE.dll
0x00007ff8c22c0000 - 0x00007ff8c2315000 	C:\windows\System32\shlwapi.dll
0x00007ff8c11e0000 - 0x00007ff8c1204000 	C:\windows\SYSTEM32\profapi.dll
0x00007ff89dbe0000 - 0x00007ff89dbf9000 	C:\Users\Anand.Gummadilli\.p2\pool\plugins\org.eclipse.justj.openjdk.hotspot.jre.full.win32.x86_64_17.0.8.v20230801-1951\jre\bin\net.dll
0x00007ff8c0220000 - 0x00007ff8c032a000 	C:\windows\SYSTEM32\WINHTTP.dll
0x00007ff8c09d0000 - 0x00007ff8c0a3a000 	C:\windows\system32\mswsock.dll
0x00007ff89d850000 - 0x00007ff89d865000 	C:\Users\Anand.Gummadilli\.p2\pool\plugins\org.eclipse.justj.openjdk.hotspot.jre.full.win32.x86_64_17.0.8.v20230801-1951\jre\bin\nio.dll
0x00007ff8a87d0000 - 0x00007ff8a87e0000 	C:\Users\Anand.Gummadilli\.p2\pool\plugins\org.eclipse.justj.openjdk.hotspot.jre.full.win32.x86_64_17.0.8.v20230801-1951\jre\bin\verify.dll
0x00007ff8c06c0000 - 0x00007ff8c078a000 	C:\windows\SYSTEM32\DNSAPI.dll
0x00007ff8c0680000 - 0x00007ff8c06bb000 	C:\windows\SYSTEM32\IPHLPAPI.DLL
0x00007ff8c2590000 - 0x00007ff8c2598000 	C:\windows\System32\NSI.dll
0x00007ff8b99f0000 - 0x00007ff8b99fa000 	C:\Windows\System32\rasadhlp.dll
0x00007ff8bda20000 - 0x00007ff8bdaa0000 	C:\windows\System32\fwpuclnt.dll
0x00007ff8c0c30000 - 0x00007ff8c0c48000 	C:\windows\SYSTEM32\CRYPTSP.dll
0x00007ff8c0190000 - 0x00007ff8c01c4000 	C:\windows\system32\rsaenh.dll
0x00007ff8c1150000 - 0x00007ff8c117e000 	C:\windows\SYSTEM32\USERENV.dll
0x00007ff8c0c10000 - 0x00007ff8c0c1c000 	C:\windows\SYSTEM32\CRYPTBASE.dll
0x00007ff8bca20000 - 0x00007ff8bca37000 	C:\windows\SYSTEM32\dhcpcsvc6.DLL
0x00007ff8bbc50000 - 0x00007ff8bbc6d000 	C:\windows\SYSTEM32\dhcpcsvc.DLL

dbghelp: loaded successfully - version: 4.0.5 - missing functions: none
symbol engine: initialized successfully - sym options: 0x614 - pdb path: .;C:\Users\Anand.Gummadilli\.p2\pool\plugins\org.eclipse.justj.openjdk.hotspot.jre.full.win32.x86_64_17.0.8.v20230801-1951\jre\bin;C:\windows\SYSTEM32;C:\windows\WinSxS\amd64_microsoft.windows.common-controls_6595b64144ccf1df_6.0.19041.4355_none_60b8b9eb71f62e16;C:\Users\Anand.Gummadilli\.p2\pool\plugins\org.eclipse.justj.openjdk.hotspot.jre.full.win32.x86_64_17.0.8.v20230801-1951\jre\bin\server

VM Arguments:
jvm_args: -ea -Dfile.encoding=UTF-8 -XX:+ShowCodeDetailsInExceptionMessages 
java_command: org.testng.remote.RemoteTestNG -serport 57196 -protocol json -d C:\Users\Anand.Gummadilli\eclipse-workspace\RestAssured\test-output C:\Users\ANAND~1.GUM\AppData\Local\Temp\testng-eclipse--657427086\testng-customsuite.xml
java_class_path (initial): C:\Users\Anand.Gummadilli\eclipse\java-2023-06\eclipse\configuration\org.eclipse.osgi\543\0\.cp\lib\testng-remote.jar;C:\Users\Anand.Gummadilli\eclipse-workspace\RestAssured\target\test-classes;C:\Users\Anand.Gummadilli\eclipse-workspace\RestAssured\target\classes;C:\Users\Anand.Gummadilli\.m2\repository\io\rest-assured\rest-assured\5.4.0\rest-assured-5.4.0.jar;C:\Users\Anand.Gummadilli\.m2\repository\org\apache\groovy\groovy\4.0.16\groovy-4.0.16.jar;C:\Users\Anand.Gummadilli\.m2\repository\org\apache\groovy\groovy-xml\4.0.16\groovy-xml-4.0.16.jar;C:\Users\Anand.Gummadilli\.m2\repository\org\apache\httpcomponents\httpclient\4.5.13\httpclient-4.5.13.jar;C:\Users\Anand.Gummadilli\.m2\repository\org\apache\httpcomponents\httpcore\4.4.13\httpcore-4.4.13.jar;C:\Users\Anand.Gummadilli\.m2\repository\commons-logging\commons-logging\1.2\commons-logging-1.2.jar;C:\Users\Anand.Gummadilli\.m2\repository\commons-codec\commons-codec\1.11\commons-codec-1.11.jar;C:\Users\Anand.Gummadilli\.m2\repository\org\apache\httpcomponents\httpmime\4.5.13\httpmime-4.5.13.jar;C:\Users\Anand.Gummadilli\.m2\repository\org\hamcrest\hamcrest\2.2\hamcrest-2.2.jar;C:\Users\Anand.Gummadilli\.m2\repository\org\ccil\cowan\tagsoup\tagsoup\1.2.1\tagsoup-1.2.1.jar;C:\Users\Anand.Gummadilli\.m2\repository\io\rest-assured\json-path\5.4.0\json-path-5.4.0.jar;C:\Users\Anand.Gummadilli\.m2\repository\org\apache\groovy\groovy-json\4.0.16\groovy-json-4.0.16.jar;C:\Users\Anand.Gummadilli\.m2\repository\io\rest-assured\rest-assured-common\5.4.0\rest-assured-common-5.4.0.jar;C:\Users\Anand.Gummadilli\.m2\repository\io\rest-assured\xml-path\5.4.0\xml-path-5.4.0.jar;C:\Users\Anand.Gummadilli\.m2\repository\org\apache\commons\commons-lang3\3.11\commons-lang3-3.11.jar;C:\Users\Anand.Gummadilli\.m2\repository\io\cucumber\gherkin\28.0.0\gherkin-28.0.0.jar;C:\Users\Anand.Gummadilli\.m2\repository\io\cucumber\messages\24.1.0\messages-24.1.0.jar;C:\Users\Anand.Gummadilli\.m2\repository\org\testn
Launcher Type: SUN_STANDARD

[Global flags]
     intx CICompilerCount                          = 4                                         {product} {ergonomic}
     uint ConcGCThreads                            = 3                                         {product} {ergonomic}
     uint G1ConcRefinementThreads                  = 10                                        {product} {ergonomic}
   size_t G1HeapRegionSize                         = 2097152                                   {product} {ergonomic}
    uintx GCDrainStackTargetSize                   = 64                                        {product} {ergonomic}
   size_t InitialHeapSize                          = 266338304                                 {product} {ergonomic}
   size_t MarkStackSize                            = 4194304                                   {product} {ergonomic}
   size_t MaxHeapSize                              = 4242538496                                {product} {ergonomic}
   size_t MaxNewSize                               = 2543845376                                {product} {ergonomic}
   size_t MinHeapDeltaBytes                        = 2097152                                   {product} {ergonomic}
   size_t MinHeapSize                              = 8388608                                   {product} {ergonomic}
    uintx NonNMethodCodeHeapSize                   = 5839372                                {pd product} {ergonomic}
    uintx NonProfiledCodeHeapSize                  = 122909434                              {pd product} {ergonomic}
    uintx ProfiledCodeHeapSize                     = 122909434                              {pd product} {ergonomic}
    uintx ReservedCodeCacheSize                    = 251658240                              {pd product} {ergonomic}
     bool SegmentedCodeCache                       = true                                      {product} {ergonomic}
     bool ShowCodeDetailsInExceptionMessages       = true                                   {manageable} {command line}
   size_t SoftMaxHeapSize                          = 4242538496                             {manageable} {ergonomic}
     bool UseCompressedClassPointers               = true                           {product lp64_product} {ergonomic}
     bool UseCompressedOops                        = true                           {product lp64_product} {ergonomic}
     bool UseG1GC                                  = true                                      {product} {ergonomic}
     bool UseLargePagesIndividualAllocation        = false                                  {pd product} {ergonomic}

Logging:
Log output configuration:
 #0: stdout all=warning uptime,level,tags
 #1: stderr all=off uptime,level,tags

Environment Variables:
JAVA_HOME=C:\Program Files\Java\jdk-21
PATH=C:/Users/Anand.Gummadilli/.p2/pool/plugins/org.eclipse.justj.openjdk.hotspot.jre.full.win32.x86_64_17.0.8.v20230801-1951/jre/bin/server;C:/Users/Anand.Gummadilli/.p2/pool/plugins/org.eclipse.justj.openjdk.hotspot.jre.full.win32.x86_64_17.0.8.v20230801-1951/jre/bin;C:\Program Files\Common Files\Oracle\Java\javapath;C:\Program Files (x86)\Common Files\Oracle\Java\javapath;C:\windows\system32;C:\windows;C:\windows\System32\Wbem;C:\windows\System32\WindowsPowerShell\v1.0\;C:\Program Files (x86)\Microsoft SQL Server\150\DTS\Binn\;C:\Program Files\Azure Data Studio\bin;C:\Program Files\Microsoft SQL Server\150\Tools\Binn\;C:\Program Files\Microsoft SQL Server\Client SDK\ODBC\170\Tools\Binn\;C:\Program Files\dotnet\;C:\Program Files\Microsoft SQL Server\130\Tools\Binn\;C:\Program Files (x86)\Microsoft SQL Server\160\Tools\Binn\;C:\Program Files\Microsoft SQL Server\160\Tools\Binn\;C:\Program Files\Microsoft SQL Server\160\DTS\Binn\;C:\Program Files\nodejs\;C:\Program Files\Cloudflare\Cloudflare WARP\;C:\Program Files (x86)\NVIDIA Corporation\PhysX\Common;C:\Program Files\Android\Android Studio\jre;C:\Users\Anand.Gummadilli\AppData\Local\Programs\Microsoft VS Code\bin;C:\windows\system32;
USERNAME=Anand.Gummadilli
OS=Windows_NT
PROCESSOR_IDENTIFIER=Intel64 Family 6 Model 158 Stepping 10, GenuineIntel
TMP=C:\Users\ANAND~1.GUM\AppData\Local\Temp
TEMP=C:\Users\ANAND~1.GUM\AppData\Local\Temp



---------------  S Y S T E M  ---------------

OS:
 Windows 10 , 64 bit Build 19041 (10.0.19041.3636)
OS uptime: 1 days 3:02 hours
Hyper-V role detected

CPU: total 12 (initial active 12) (6 cores per cpu, 2 threads per core) family 6 model 158 stepping 10 microcode 0xf0, cx8, cmov, fxsr, ht, mmx, 3dnowpref, sse, sse2, sse3, ssse3, sse4.1, sse4.2, popcnt, lzcnt, tsc, tscinvbit, avx, avx2, aes, erms, clmul, bmi1, bmi2, rtm, adx, fma, vzeroupper, clflush, clflushopt, hv
Processor Information for all 12 processors :
  Max Mhz: 2592, Current Mhz: 2592, Mhz Limit: 2592

Memory: 4k page, system-wide physical 16176M (946M free)
TotalPageFile size 65328M (AvailPageFile size 4M)
current process WorkingSet (physical memory assigned to process): 97M, peak: 97M
current process commit charge ("private bytes"): 374M, peak: 374M

vm_info: OpenJDK 64-Bit Server VM (17.0.8+7) for windows-amd64 JRE (17.0.8+7), built on Jul 18 2023 21:02:32 by "admin" with MS VC++ 16.7 (VS2019)

END.
