#
# There is insufficient memory for the Java Runtime Environment to continue.
# Native memory allocation (mmap) failed to map 266338304 bytes for G1 virtual space
# Possible reasons:
#   The system is out of physical RAM or swap space
#   The process is running with CompressedOops enabled, and the Java Heap may be blocking the growth of the native heap
# Possible solutions:
#   Reduce memory load on the system
#   Increase physical memory or swap space
#   Check if swap backing store is full
#   Decrease Java heap size (-Xmx/-Xms)
#   Decrease number of Java threads
#   Decrease Java thread stack sizes (-Xss)
#   Set larger code cache with -XX:ReservedCodeCacheSize=
#   JVM is running with Zero Based Compressed Oops mode in which the Java heap is
#     placed in the first 32GB address space. The Java Heap base address is the
#     maximum limit for the native heap growth. Please use -XX:HeapBaseMinAddress
#     to set the Java Heap base and to place the Java Heap above 32GB virtual address.
# This output file may be truncated or incomplete.
#
#  Out of Memory Error (os_windows.cpp:3617), pid=25564, tid=26400
#
# JRE version:  (17.0.8+7) (build )
# Java VM: OpenJDK 64-Bit Server VM (17.0.8+7, mixed mode, sharing, tiered, compressed oops, compressed class ptrs, g1 gc, windows-amd64)
# No core dump will be written. Minidumps are not enabled by default on client versions of Windows
#

---------------  S U M M A R Y ------------

Command Line: -ea -Dfile.encoding=UTF-8 -XX:+ShowCodeDetailsInExceptionMessages org.testng.remote.RemoteTestNG -serport 57191 -protocol json -d C:\Users\Anand.Gummadilli\eclipse-workspace\RestAssured\test-output C:\Users\ANAND~1.GUM\AppData\Local\Temp\testng-eclipse-730346872\testng-customsuite.xml

Host: Intel(R) Core(TM) i7-8850H CPU @ 2.60GHz, 12 cores, 15G,  Windows 10 , 64 bit Build 19041 (10.0.19041.3636)
Time: Thu Jun 20 11:33:18 2024 India Standard Time elapsed time: 0.029919 seconds (0d 0h 0m 0s)

---------------  T H R E A D  ---------------

Current thread (0x000002618bef6de0):  JavaThread "Unknown thread" [_thread_in_vm, id=26400, stack(0x0000008fa7000000,0x0000008fa7100000)]

Stack: [0x0000008fa7000000,0x0000008fa7100000]
Native frames: (J=compiled Java code, j=interpreted, Vv=VM code, C=native code)
V  [jvm.dll+0x678b0a]
V  [jvm.dll+0x835e84]
V  [jvm.dll+0x83762e]
V  [jvm.dll+0x837c93]
V  [jvm.dll+0x24746f]
V  [jvm.dll+0x675859]
V  [jvm.dll+0x66a0ea]
V  [jvm.dll+0x306c7b]
V  [jvm.dll+0x30e166]
V  [jvm.dll+0x35dd3e]
V  [jvm.dll+0x35df6f]
V  [jvm.dll+0x2ddb48]
V  [jvm.dll+0x2deab4]
V  [jvm.dll+0x807f31]
V  [jvm.dll+0x36bb21]
V  [jvm.dll+0x7e733c]
V  [jvm.dll+0x3ee4af]
V  [jvm.dll+0x3f00c1]
C  [jli.dll+0x528b]
C  [ucrtbase.dll+0x21bb2]
C  [KERNEL32.DLL+0x17344]
C  [ntdll.dll+0x4cc91]


---------------  P R O C E S S  ---------------

Threads class SMR info:
_java_thread_list=0x00007ff80232a018, length=0, elements={
}

Java Threads: ( => current thread )

Other Threads:
  0x000002618bf62040 GCTaskThread "GC Thread#0" [stack: 0x0000008fa7100000,0x0000008fa7200000] [id=26212]
  0x000002618bf72c60 ConcurrentGCThread "G1 Main Marker" [stack: 0x0000008fa7200000,0x0000008fa7300000] [id=23368]
  0x000002618bf73e10 ConcurrentGCThread "G1 Conc#0" [stack: 0x0000008fa7300000,0x0000008fa7400000] [id=24672]

[error occurred during error reporting (printing all threads), id 0xc0000005, EXCEPTION_ACCESS_VIOLATION (0xc0000005) at pc=0x00007ff801afe587]

VM state: not at safepoint (not fully initialized)

VM Mutex/Monitor currently owned by a thread:  ([mutex/lock_event])
[0x000002618bef2e20] Heap_lock - owner thread: 0x000002618bef6de0

Heap address: 0x0000000703200000, size: 4046 MB, Compressed Oops mode: Zero based, Oop shift amount: 3

CDS archive(s) mapped at: [0x0000000000000000-0x0000000000000000-0x0000000000000000), size 0, SharedBaseAddress: 0x0000000800000000, ArchiveRelocationMode: 1.
Narrow klass base: 0x0000000000000000, Narrow klass shift: 0, Narrow klass range: 0x0

GC Precious Log:
<Empty>

Heap:
 garbage-first heap   total 0K, used 0K [0x0000000703200000, 0x0000000800000000)
  region size 2048K, 0 young (0K), 0 survivors (0K)

[error occurred during error reporting (printing heap information), id 0xc0000005, EXCEPTION_ACCESS_VIOLATION (0xc0000005) at pc=0x00007ff801ee2699]

GC Heap History (0 events):
No events

Dll operation events (1 events):
Event: 0.020 Loaded shared library C:\Users\Anand.Gummadilli\.p2\pool\plugins\org.eclipse.justj.openjdk.hotspot.jre.full.win32.x86_64_17.0.8.v20230801-1951\jre\bin\java.dll

Deoptimization events (0 events):
No events

Classes unloaded (0 events):
No events

Classes redefined (0 events):
No events

Internal exceptions (0 events):
No events

VM Operations (0 events):
No events

Events (0 events):
No events


Dynamic libraries:
0x00007ff7f9290000 - 0x00007ff7f929e000 	C:\Users\Anand.Gummadilli\.p2\pool\plugins\org.eclipse.justj.openjdk.hotspot.jre.full.win32.x86_64_17.0.8.v20230801-1951\jre\bin\javaw.exe
0x00007ff8c3bf0000 - 0x00007ff8c3de8000 	C:\windows\SYSTEM32\ntdll.dll
0x00007ff8c2150000 - 0x00007ff8c220d000 	C:\windows\System32\KERNEL32.DLL
0x00007ff8c1620000 - 0x00007ff8c1916000 	C:\windows\System32\KERNELBASE.dll
0x00007ff8c1400000 - 0x00007ff8c1500000 	C:\windows\System32\ucrtbase.dll
0x00007ff8b7090000 - 0x00007ff8b70a7000 	C:\Users\Anand.Gummadilli\.p2\pool\plugins\org.eclipse.justj.openjdk.hotspot.jre.full.win32.x86_64_17.0.8.v20230801-1951\jre\bin\jli.dll
0x00007ff8b70b0000 - 0x00007ff8b70c9000 	C:\Users\Anand.Gummadilli\.p2\pool\plugins\org.eclipse.justj.openjdk.hotspot.jre.full.win32.x86_64_17.0.8.v20230801-1951\jre\bin\VCRUNTIME140.dll
0x00007ff8c38e0000 - 0x00007ff8c3a7f000 	C:\windows\System32\USER32.dll
0x00007ff8ab0c0000 - 0x00007ff8ab35a000 	C:\windows\WinSxS\amd64_microsoft.windows.common-controls_6595b64144ccf1df_6.0.19041.4355_none_60b8b9eb71f62e16\COMCTL32.dll
0x00007ff8c12b0000 - 0x00007ff8c12d2000 	C:\windows\System32\win32u.dll
0x00007ff8c3790000 - 0x00007ff8c382e000 	C:\windows\System32\msvcrt.dll
0x00007ff8c3280000 - 0x00007ff8c32ab000 	C:\windows\System32\GDI32.dll
0x00007ff8c1500000 - 0x00007ff8c1617000 	C:\windows\System32\gdi32full.dll
0x00007ff8c1330000 - 0x00007ff8c13cd000 	C:\windows\System32\msvcp_win.dll
0x00007ff8c2210000 - 0x00007ff8c223f000 	C:\windows\System32\IMM32.DLL
0x0000026189e00000 - 0x0000026189e14000 	C:\windows\System32\umppc18408.dll
0x00007ff8bb0e0000 - 0x00007ff8bb0ec000 	C:\Users\Anand.Gummadilli\.p2\pool\plugins\org.eclipse.justj.openjdk.hotspot.jre.full.win32.x86_64_17.0.8.v20230801-1951\jre\bin\vcruntime140_1.dll
0x00007ff89fdc0000 - 0x00007ff89fe51000 	C:\Users\Anand.Gummadilli\.p2\pool\plugins\org.eclipse.justj.openjdk.hotspot.jre.full.win32.x86_64_17.0.8.v20230801-1951\jre\bin\msvcp140.dll
0x00007ff801810000 - 0x00007ff80245c000 	C:\Users\Anand.Gummadilli\.p2\pool\plugins\org.eclipse.justj.openjdk.hotspot.jre.full.win32.x86_64_17.0.8.v20230801-1951\jre\bin\server\jvm.dll
0x00007ff8c3830000 - 0x00007ff8c38e0000 	C:\windows\System32\ADVAPI32.dll
0x00007ff8c3030000 - 0x00007ff8c30d0000 	C:\windows\System32\sechost.dll
0x00007ff8c3a80000 - 0x00007ff8c3ba3000 	C:\windows\System32\RPCRT4.dll
0x00007ff8c13d0000 - 0x00007ff8c13f7000 	C:\windows\System32\bcrypt.dll
0x00007ff8c07a0000 - 0x00007ff8c07eb000 	C:\windows\SYSTEM32\POWRPROF.dll
0x00007ff895fa0000 - 0x00007ff895fa9000 	C:\windows\SYSTEM32\WSOCK32.dll
0x00007ff8c2320000 - 0x00007ff8c238b000 	C:\windows\System32\WS2_32.dll
0x00007ff8b9430000 - 0x00007ff8b9457000 	C:\windows\SYSTEM32\WINMM.dll
0x00007ff8b9e20000 - 0x00007ff8b9e2a000 	C:\windows\SYSTEM32\VERSION.dll
0x00007ff8c0660000 - 0x00007ff8c0672000 	C:\windows\SYSTEM32\UMPDC.dll
0x00007ff8bfae0000 - 0x00007ff8bfaf2000 	C:\windows\SYSTEM32\kernel.appcore.dll
0x00007ff8aa890000 - 0x00007ff8aa89a000 	C:\Users\Anand.Gummadilli\.p2\pool\plugins\org.eclipse.justj.openjdk.hotspot.jre.full.win32.x86_64_17.0.8.v20230801-1951\jre\bin\jimage.dll
0x00007ff8bec80000 - 0x00007ff8bee64000 	C:\windows\SYSTEM32\DBGHELP.DLL
0x00007ff8b8ed0000 - 0x00007ff8b8f04000 	C:\windows\SYSTEM32\dbgcore.DLL
0x00007ff8c1ba0000 - 0x00007ff8c1c22000 	C:\windows\System32\bcryptPrimitives.dll
0x00007ff89dd30000 - 0x00007ff89dd55000 	C:\Users\Anand.Gummadilli\.p2\pool\plugins\org.eclipse.justj.openjdk.hotspot.jre.full.win32.x86_64_17.0.8.v20230801-1951\jre\bin\java.dll

dbghelp: loaded successfully - version: 4.0.5 - missing functions: none
symbol engine: initialized successfully - sym options: 0x614 - pdb path: .;C:\Users\Anand.Gummadilli\.p2\pool\plugins\org.eclipse.justj.openjdk.hotspot.jre.full.win32.x86_64_17.0.8.v20230801-1951\jre\bin;C:\windows\SYSTEM32;C:\windows\WinSxS\amd64_microsoft.windows.common-controls_6595b64144ccf1df_6.0.19041.4355_none_60b8b9eb71f62e16;C:\Users\Anand.Gummadilli\.p2\pool\plugins\org.eclipse.justj.openjdk.hotspot.jre.full.win32.x86_64_17.0.8.v20230801-1951\jre\bin\server

VM Arguments:
jvm_args: -ea -Dfile.encoding=UTF-8 -XX:+ShowCodeDetailsInExceptionMessages 
java_command: org.testng.remote.RemoteTestNG -serport 57191 -protocol json -d C:\Users\Anand.Gummadilli\eclipse-workspace\RestAssured\test-output C:\Users\ANAND~1.GUM\AppData\Local\Temp\testng-eclipse-730346872\testng-customsuite.xml
java_class_path (initial): C:\Users\Anand.Gummadilli\eclipse\java-2023-06\eclipse\configuration\org.eclipse.osgi\543\0\.cp\lib\testng-remote.jar;C:\Users\Anand.Gummadilli\eclipse-workspace\RestAssured\target\test-classes;C:\Users\Anand.Gummadilli\eclipse-workspace\RestAssured\target\classes;C:\Users\Anand.Gummadilli\.m2\repository\io\rest-assured\rest-assured\5.4.0\rest-assured-5.4.0.jar;C:\Users\Anand.Gummadilli\.m2\repository\org\apache\groovy\groovy\4.0.16\groovy-4.0.16.jar;C:\Users\Anand.Gummadilli\.m2\repository\org\apache\groovy\groovy-xml\4.0.16\groovy-xml-4.0.16.jar;C:\Users\Anand.Gummadilli\.m2\repository\org\apache\httpcomponents\httpclient\4.5.13\httpclient-4.5.13.jar;C:\Users\Anand.Gummadilli\.m2\repository\org\apache\httpcomponents\httpcore\4.4.13\httpcore-4.4.13.jar;C:\Users\Anand.Gummadilli\.m2\repository\commons-logging\commons-logging\1.2\commons-logging-1.2.jar;C:\Users\Anand.Gummadilli\.m2\repository\commons-codec\commons-codec\1.11\commons-codec-1.11.jar;C:\Users\Anand.Gummadilli\.m2\repository\org\apache\httpcomponents\httpmime\4.5.13\httpmime-4.5.13.jar;C:\Users\Anand.Gummadilli\.m2\repository\org\hamcrest\hamcrest\2.2\hamcrest-2.2.jar;C:\Users\Anand.Gummadilli\.m2\repository\org\ccil\cowan\tagsoup\tagsoup\1.2.1\tagsoup-1.2.1.jar;C:\Users\Anand.Gummadilli\.m2\repository\io\rest-assured\json-path\5.4.0\json-path-5.4.0.jar;C:\Users\Anand.Gummadilli\.m2\repository\org\apache\groovy\groovy-json\4.0.16\groovy-json-4.0.16.jar;C:\Users\Anand.Gummadilli\.m2\repository\io\rest-assured\rest-assured-common\5.4.0\rest-assured-common-5.4.0.jar;C:\Users\Anand.Gummadilli\.m2\repository\io\rest-assured\xml-path\5.4.0\xml-path-5.4.0.jar;C:\Users\Anand.Gummadilli\.m2\repository\org\apache\commons\commons-lang3\3.11\commons-lang3-3.11.jar;C:\Users\Anand.Gummadilli\.m2\repository\io\cucumber\gherkin\28.0.0\gherkin-28.0.0.jar;C:\Users\Anand.Gummadilli\.m2\repository\io\cucumber\messages\24.1.0\messages-24.1.0.jar;C:\Users\Anand.Gummadilli\.m2\repository\org\testn
Launcher Type: SUN_STANDARD

[Global flags]
     intx CICompilerCount                          = 4                                         {product} {ergonomic}
     uint ConcGCThreads                            = 3                                         {product} {ergonomic}
     uint G1ConcRefinementThreads                  = 10                                        {product} {ergonomic}
   size_t G1HeapRegionSize                         = 2097152                                   {product} {ergonomic}
    uintx GCDrainStackTargetSize                   = 64                                        {product} {ergonomic}
   size_t InitialHeapSize                          = 266338304                                 {product} {ergonomic}
   size_t MarkStackSize                            = 4194304                                   {product} {ergonomic}
   size_t MaxHeapSize                              = 4242538496                                {product} {ergonomic}
   size_t MinHeapDeltaBytes                        = 2097152                                   {product} {ergonomic}
   size_t MinHeapSize                              = 8388608                                   {product} {ergonomic}
    uintx NonNMethodCodeHeapSize                   = 5839372                                {pd product} {ergonomic}
    uintx NonProfiledCodeHeapSize                  = 122909434                              {pd product} {ergonomic}
    uintx ProfiledCodeHeapSize                     = 122909434                              {pd product} {ergonomic}
    uintx ReservedCodeCacheSize                    = 251658240                              {pd product} {ergonomic}
     bool SegmentedCodeCache                       = true                                      {product} {ergonomic}
     bool ShowCodeDetailsInExceptionMessages       = true                                   {manageable} {command line}
   size_t SoftMaxHeapSize                          = 4242538496                             {manageable} {ergonomic}
     bool UseCompressedClassPointers               = true                           {product lp64_product} {ergonomic}
     bool UseCompressedOops                        = true                           {product lp64_product} {ergonomic}
     bool UseG1GC                                  = true                                      {product} {ergonomic}
     bool UseLargePagesIndividualAllocation        = false                                  {pd product} {ergonomic}

Logging:
Log output configuration:
 #0: stdout all=warning uptime,level,tags
 #1: stderr all=off uptime,level,tags

Environment Variables:
JAVA_HOME=C:\Program Files\Java\jdk-21
PATH=C:/Users/Anand.Gummadilli/.p2/pool/plugins/org.eclipse.justj.openjdk.hotspot.jre.full.win32.x86_64_17.0.8.v20230801-1951/jre/bin/server;C:/Users/Anand.Gummadilli/.p2/pool/plugins/org.eclipse.justj.openjdk.hotspot.jre.full.win32.x86_64_17.0.8.v20230801-1951/jre/bin;C:\Program Files\Common Files\Oracle\Java\javapath;C:\Program Files (x86)\Common Files\Oracle\Java\javapath;C:\windows\system32;C:\windows;C:\windows\System32\Wbem;C:\windows\System32\WindowsPowerShell\v1.0\;C:\Program Files (x86)\Microsoft SQL Server\150\DTS\Binn\;C:\Program Files\Azure Data Studio\bin;C:\Program Files\Microsoft SQL Server\150\Tools\Binn\;C:\Program Files\Microsoft SQL Server\Client SDK\ODBC\170\Tools\Binn\;C:\Program Files\dotnet\;C:\Program Files\Microsoft SQL Server\130\Tools\Binn\;C:\Program Files (x86)\Microsoft SQL Server\160\Tools\Binn\;C:\Program Files\Microsoft SQL Server\160\Tools\Binn\;C:\Program Files\Microsoft SQL Server\160\DTS\Binn\;C:\Program Files\nodejs\;C:\Program Files\Cloudflare\Cloudflare WARP\;C:\Program Files (x86)\NVIDIA Corporation\PhysX\Common;C:\Program Files\Android\Android Studio\jre;C:\Users\Anand.Gummadilli\AppData\Local\Programs\Microsoft VS Code\bin;C:\windows\system32;
USERNAME=Anand.Gummadilli
OS=Windows_NT
PROCESSOR_IDENTIFIER=Intel64 Family 6 Model 158 Stepping 10, GenuineIntel
TMP=C:\Users\ANAND~1.GUM\AppData\Local\Temp
TEMP=C:\Users\ANAND~1.GUM\AppData\Local\Temp



---------------  S Y S T E M  ---------------

OS:
 Windows 10 , 64 bit Build 19041 (10.0.19041.3636)
OS uptime: 1 days 3:02 hours
Hyper-V role detected

CPU: total 12 (initial active 12) (6 cores per cpu, 2 threads per core) family 6 model 158 stepping 10 microcode 0xf0, cx8, cmov, fxsr, ht, mmx, 3dnowpref, sse, sse2, sse3, ssse3, sse4.1, sse4.2, popcnt, lzcnt, tsc, tscinvbit, avx, avx2, aes, erms, clmul, bmi1, bmi2, rtm, adx, fma, vzeroupper, clflush, clflushopt, hv
Processor Information for all 12 processors :
  Max Mhz: 2592, Current Mhz: 2592, Mhz Limit: 2592

Memory: 4k page, system-wide physical 16176M (1065M free)
TotalPageFile size 65328M (AvailPageFile size 248M)
current process WorkingSet (physical memory assigned to process): 10M, peak: 10M
current process commit charge ("private bytes"): 64M, peak: 318M

vm_info: OpenJDK 64-Bit Server VM (17.0.8+7) for windows-amd64 JRE (17.0.8+7), built on Jul 18 2023 21:02:32 by "admin" with MS VC++ 16.7 (VS2019)

END.
